{"D:\\Lab8\\Lab8-main\\fizzbuzz.js": {"path":"D:\\Lab8\\Lab8-main\\fizzbuzz.js","all":false,"statementMap":{"0":{"start":{"line":1,"column":0},"end":{"line":1,"column":11}},"1":{"start":{"line":2,"column":0},"end":{"line":2,"column":18}},"2":{"start":{"line":3,"column":0},"end":{"line":3,"column":0}},"3":{"start":{"line":4,"column":0},"end":{"line":4,"column":27}},"4":{"start":{"line":5,"column":0},"end":{"line":5,"column":26}},"5":{"start":{"line":6,"column":0},"end":{"line":6,"column":26}},"6":{"start":{"line":7,"column":0},"end":{"line":7,"column":33}},"7":{"start":{"line":8,"column":0},"end":{"line":8,"column":22}},"8":{"start":{"line":9,"column":0},"end":{"line":9,"column":33}},"9":{"start":{"line":10,"column":0},"end":{"line":10,"column":22}},"10":{"start":{"line":11,"column":0},"end":{"line":11,"column":11}},"11":{"start":{"line":12,"column":0},"end":{"line":12,"column":22}},"12":{"start":{"line":13,"column":0},"end":{"line":13,"column":5}},"13":{"start":{"line":14,"column":0},"end":{"line":14,"column":1}},"14":{"start":{"line":15,"column":0},"end":{"line":15,"column":0}},"15":{"start":{"line":16,"column":0},"end":{"line":16,"column":26}}},"s":{"0":1,"1":1,"2":1,"3":5,"4":5,"5":2,"6":5,"7":1,"8":3,"9":1,"10":1,"11":1,"12":1,"13":5,"14":1,"15":1},"branchMap":{"0":{"type":"branch","line":4,"loc":{"start":{"line":4,"column":0},"end":{"line":14,"column":1}},"locations":[{"start":{"line":4,"column":0},"end":{"line":14,"column":1}}]},"1":{"type":"branch","line":5,"loc":{"start":{"line":5,"column":25},"end":{"line":7,"column":11}},"locations":[{"start":{"line":5,"column":25},"end":{"line":7,"column":11}}]},"2":{"type":"branch","line":7,"loc":{"start":{"line":7,"column":5},"end":{"line":13,"column":5}},"locations":[{"start":{"line":7,"column":5},"end":{"line":13,"column":5}}]},"3":{"type":"branch","line":7,"loc":{"start":{"line":7,"column":32},"end":{"line":9,"column":11}},"locations":[{"start":{"line":7,"column":32},"end":{"line":9,"column":11}}]},"4":{"type":"branch","line":9,"loc":{"start":{"line":9,"column":5},"end":{"line":13,"column":5}},"locations":[{"start":{"line":9,"column":5},"end":{"line":13,"column":5}}]},"5":{"type":"branch","line":9,"loc":{"start":{"line":9,"column":32},"end":{"line":13,"column":5}},"locations":[{"start":{"line":9,"column":32},"end":{"line":13,"column":5}}]}},"b":{"0":[5],"1":[2],"2":[3],"3":[1],"4":[2],"5":[1]},"fnMap":{"0":{"name":"fizzbuzz","decl":{"start":{"line":4,"column":0},"end":{"line":14,"column":1}},"loc":{"start":{"line":4,"column":0},"end":{"line":14,"column":1}},"line":4}},"f":{"0":5}}
,"D:\\Lab8\\Lab8-main\\sum.js": {"path":"D:\\Lab8\\Lab8-main\\sum.js","all":false,"statementMap":{"0":{"start":{"line":1,"column":0},"end":{"line":1,"column":20}},"1":{"start":{"line":2,"column":0},"end":{"line":2,"column":15}},"2":{"start":{"line":3,"column":0},"end":{"line":3,"column":1}},"3":{"start":{"line":4,"column":0},"end":{"line":4,"column":21}}},"s":{"0":1,"1":1,"2":1,"3":1},"branchMap":{"0":{"type":"branch","line":1,"loc":{"start":{"line":1,"column":0},"end":{"line":3,"column":1}},"locations":[{"start":{"line":1,"column":0},"end":{"line":3,"column":1}}]}},"b":{"0":[1]},"fnMap":{"0":{"name":"sum","decl":{"start":{"line":1,"column":0},"end":{"line":3,"column":1}},"loc":{"start":{"line":1,"column":0},"end":{"line":3,"column":1}},"line":1}},"f":{"0":1}}
}
